*** Using Compiler 'V5.06 update 7 (build 960)', folder: 'E:\Application\Keil_v5\ARM\ARMCC\Bin'
Build target 'MedicineDeliveryCar'
assembling startup_stm32f407xx.s...
compiling stm32f4xx_hal_flash.c...
compiling stm32f4xx_hal_gpio.c...
compiling stm32f4xx_hal_flash_ramfunc.c...
compiling gpio.c...
compiling stm32f4xx_hal_msp.c...
compiling stm32f4xx_hal_flash_ex.c...
compiling stm32f4xx_it.c...
compiling main.c...
compiling stm32f4xx_hal_rcc_ex.c...
compiling freertos.c...
compiling stm32f4xx_hal_rcc.c...
compiling croutine.c...
compiling event_groups.c...
compiling list.c...
compiling queue.c...
compiling stream_buffer.c...
compiling tasks.c...
compiling timers.c...
compiling cmsis_os.c...
compiling heap_4.c...
compiling port.c...
compiling stm32f4xx_hal_dma.c...
compiling stm32f4xx_hal_pwr_ex.c...
compiling stm32f4xx_hal_pwr.c...
compiling stm32f4xx_hal_tim.c...
compiling stm32f4xx_hal_tim_ex.c...
compiling stm32f4xx_hal_cortex.c...
compiling stm32f4xx_hal.c...
compiling stm32f4xx_hal_exti.c...
compiling system_stm32f4xx.c...
compiling stm32f4xx_hal_dma_ex.c...
linking...
Program Size: Code=5748 RO-data=480 RW-data=124 ZI-data=17828  
FromELF: creating hex file...
"MedicineDeliveryCar\MedicineDeliveryCar.axf" - 0 Error(s), 0 Warning(s).
Build Time Elapsed:  00:00:18
